{"/Users/Llure/Documents/skylab/bootcamp/collab/skylab-bootcamp-201904/staff/llorenç-comellas/kaori/kaori-api/logic/index.js": {"path":"/Users/Llure/Documents/skylab/bootcamp/collab/skylab-bootcamp-201904/staff/llorenç-comellas/kaori/kaori-api/logic/index.js","statementMap":{"0":{"start":{"line":1,"column":21},"end":{"line":1,"column":43}},"1":{"start":{"line":2,"column":35},"end":{"line":2,"column":57}},"2":{"start":{"line":3,"column":66},"end":{"line":3,"column":87}},"3":{"start":{"line":4,"column":15},"end":{"line":4,"column":32}},"4":{"start":{"line":6,"column":33},"end":{"line":6,"column":39}},"5":{"start":{"line":8,"column":14},"end":{"line":315,"column":1}},"6":{"start":{"line":24,"column":8},"end":{"line":30,"column":10}},"7":{"start":{"line":32,"column":8},"end":{"line":32,"column":29}},"8":{"start":{"line":34,"column":32},"end":{"line":34,"column":61}},"9":{"start":{"line":35,"column":8},"end":{"line":40,"column":12}},"10":{"start":{"line":36,"column":26},"end":{"line":36,"column":52}},"11":{"start":{"line":37,"column":12},"end":{"line":37,"column":95}},"12":{"start":{"line":37,"column":30},"end":{"line":37,"column":95}},"13":{"start":{"line":39,"column":12},"end":{"line":39,"column":89}},"14":{"start":{"line":53,"column":8},"end":{"line":56,"column":10}},"15":{"start":{"line":58,"column":8},"end":{"line":68,"column":12}},"16":{"start":{"line":59,"column":25},"end":{"line":59,"column":54}},"17":{"start":{"line":60,"column":12},"end":{"line":60,"column":86}},"18":{"start":{"line":60,"column":23},"end":{"line":60,"column":86}},"19":{"start":{"line":62,"column":36},"end":{"line":62,"column":79}},"20":{"start":{"line":64,"column":12},"end":{"line":64,"column":75}},"21":{"start":{"line":64,"column":34},"end":{"line":64,"column":75}},"22":{"start":{"line":66,"column":12},"end":{"line":66,"column":26}},"23":{"start":{"line":80,"column":8},"end":{"line":82,"column":10}},"24":{"start":{"line":84,"column":8},"end":{"line":89,"column":12}},"25":{"start":{"line":85,"column":25},"end":{"line":85,"column":95}},"26":{"start":{"line":86,"column":12},"end":{"line":86,"column":80}},"27":{"start":{"line":86,"column":23},"end":{"line":86,"column":80}},"28":{"start":{"line":88,"column":12},"end":{"line":88,"column":23}},"29":{"start":{"line":113,"column":8},"end":{"line":119,"column":10}},"30":{"start":{"line":121,"column":8},"end":{"line":123,"column":12}},"31":{"start":{"line":122,"column":12},"end":{"line":122,"column":80}},"32":{"start":{"line":135,"column":8},"end":{"line":137,"column":10}},"33":{"start":{"line":139,"column":8},"end":{"line":143,"column":12}},"34":{"start":{"line":140,"column":28},"end":{"line":140,"column":114}},"35":{"start":{"line":141,"column":12},"end":{"line":141,"column":88}},"36":{"start":{"line":141,"column":26},"end":{"line":141,"column":88}},"37":{"start":{"line":142,"column":12},"end":{"line":142,"column":26}},"38":{"start":{"line":156,"column":8},"end":{"line":158,"column":10}},"39":{"start":{"line":160,"column":8},"end":{"line":171,"column":12}},"40":{"start":{"line":161,"column":28},"end":{"line":161,"column":120}},"41":{"start":{"line":163,"column":12},"end":{"line":163,"column":98}},"42":{"start":{"line":163,"column":26},"end":{"line":163,"column":98}},"43":{"start":{"line":165,"column":12},"end":{"line":168,"column":14}},"44":{"start":{"line":166,"column":16},"end":{"line":166,"column":45}},"45":{"start":{"line":167,"column":16},"end":{"line":167,"column":31}},"46":{"start":{"line":170,"column":12},"end":{"line":170,"column":26}},"47":{"start":{"line":184,"column":8},"end":{"line":187,"column":10}},"48":{"start":{"line":189,"column":8},"end":{"line":204,"column":12}},"49":{"start":{"line":190,"column":25},"end":{"line":190,"column":52}},"50":{"start":{"line":191,"column":12},"end":{"line":191,"column":84}},"51":{"start":{"line":191,"column":23},"end":{"line":191,"column":84}},"52":{"start":{"line":193,"column":28},"end":{"line":193,"column":61}},"53":{"start":{"line":194,"column":12},"end":{"line":194,"column":93}},"54":{"start":{"line":194,"column":26},"end":{"line":194,"column":93}},"55":{"start":{"line":196,"column":26},"end":{"line":196,"column":100}},"56":{"start":{"line":196,"column":57},"end":{"line":196,"column":99}},"57":{"start":{"line":198,"column":12},"end":{"line":199,"column":44}},"58":{"start":{"line":198,"column":27},"end":{"line":198,"column":69}},"59":{"start":{"line":199,"column":17},"end":{"line":199,"column":44}},"60":{"start":{"line":201,"column":12},"end":{"line":201,"column":29}},"61":{"start":{"line":203,"column":12},"end":{"line":203,"column":28}},"62":{"start":{"line":214,"column":8},"end":{"line":217,"column":10}},"63":{"start":{"line":219,"column":8},"end":{"line":250,"column":12}},"64":{"start":{"line":220,"column":25},"end":{"line":220,"column":59}},"65":{"start":{"line":222,"column":12},"end":{"line":222,"column":84}},"66":{"start":{"line":222,"column":23},"end":{"line":222,"column":84}},"67":{"start":{"line":224,"column":12},"end":{"line":229,"column":13}},"68":{"start":{"line":225,"column":29},"end":{"line":225,"column":38}},"69":{"start":{"line":226,"column":30},"end":{"line":226,"column":87}},"70":{"start":{"line":226,"column":50},"end":{"line":226,"column":86}},"71":{"start":{"line":228,"column":16},"end":{"line":228,"column":42}},"72":{"start":{"line":231,"column":12},"end":{"line":231,"column":41}},"73":{"start":{"line":234,"column":28},"end":{"line":237,"column":21}},"74":{"start":{"line":239,"column":29},"end":{"line":239,"column":36}},"75":{"start":{"line":241,"column":12},"end":{"line":249,"column":14}},"76":{"start":{"line":242,"column":16},"end":{"line":242,"column":51}},"77":{"start":{"line":243,"column":16},"end":{"line":243,"column":34}},"78":{"start":{"line":244,"column":16},"end":{"line":244,"column":71}},"79":{"start":{"line":245,"column":16},"end":{"line":245,"column":44}},"80":{"start":{"line":246,"column":16},"end":{"line":246,"column":51}},"81":{"start":{"line":247,"column":16},"end":{"line":247,"column":40}},"82":{"start":{"line":248,"column":16},"end":{"line":248,"column":30}},"83":{"start":{"line":261,"column":8},"end":{"line":263,"column":10}},"84":{"start":{"line":265,"column":8},"end":{"line":286,"column":12}},"85":{"start":{"line":266,"column":25},"end":{"line":270,"column":25}},"86":{"start":{"line":272,"column":12},"end":{"line":272,"column":84}},"87":{"start":{"line":272,"column":23},"end":{"line":272,"column":84}},"88":{"start":{"line":274,"column":29},"end":{"line":274,"column":33}},"89":{"start":{"line":276,"column":12},"end":{"line":284,"column":14}},"90":{"start":{"line":277,"column":16},"end":{"line":277,"column":51}},"91":{"start":{"line":278,"column":16},"end":{"line":278,"column":34}},"92":{"start":{"line":279,"column":16},"end":{"line":279,"column":71}},"93":{"start":{"line":280,"column":16},"end":{"line":280,"column":44}},"94":{"start":{"line":281,"column":16},"end":{"line":281,"column":51}},"95":{"start":{"line":282,"column":16},"end":{"line":282,"column":40}},"96":{"start":{"line":283,"column":16},"end":{"line":283,"column":30}},"97":{"start":{"line":297,"column":8},"end":{"line":299,"column":10}},"98":{"start":{"line":301,"column":8},"end":{"line":312,"column":12}},"99":{"start":{"line":302,"column":25},"end":{"line":302,"column":52}},"100":{"start":{"line":303,"column":12},"end":{"line":303,"column":84}},"101":{"start":{"line":303,"column":23},"end":{"line":303,"column":84}},"102":{"start":{"line":305,"column":26},"end":{"line":305,"column":84}},"103":{"start":{"line":307,"column":12},"end":{"line":307,"column":26}},"104":{"start":{"line":309,"column":12},"end":{"line":309,"column":29}},"105":{"start":{"line":311,"column":12},"end":{"line":311,"column":27}},"106":{"start":{"line":317,"column":0},"end":{"line":317,"column":22}}},"fnMap":{"0":{"name":"(anonymous_0)","decl":{"start":{"line":23,"column":4},"end":{"line":23,"column":5}},"loc":{"start":{"line":23,"column":56},"end":{"line":41,"column":5}},"line":23},"1":{"name":"(anonymous_1)","decl":{"start":{"line":35,"column":16},"end":{"line":35,"column":17}},"loc":{"start":{"line":35,"column":28},"end":{"line":40,"column":9}},"line":35},"2":{"name":"(anonymous_2)","decl":{"start":{"line":52,"column":4},"end":{"line":52,"column":5}},"loc":{"start":{"line":52,"column":38},"end":{"line":69,"column":5}},"line":52},"3":{"name":"(anonymous_3)","decl":{"start":{"line":58,"column":16},"end":{"line":58,"column":17}},"loc":{"start":{"line":58,"column":28},"end":{"line":68,"column":9}},"line":58},"4":{"name":"(anonymous_4)","decl":{"start":{"line":79,"column":4},"end":{"line":79,"column":5}},"loc":{"start":{"line":79,"column":21},"end":{"line":91,"column":5}},"line":79},"5":{"name":"(anonymous_5)","decl":{"start":{"line":84,"column":16},"end":{"line":84,"column":17}},"loc":{"start":{"line":84,"column":28},"end":{"line":89,"column":9}},"line":84},"6":{"name":"(anonymous_6)","decl":{"start":{"line":112,"column":4},"end":{"line":112,"column":5}},"loc":{"start":{"line":112,"column":62},"end":{"line":124,"column":5}},"line":112},"7":{"name":"(anonymous_7)","decl":{"start":{"line":121,"column":16},"end":{"line":121,"column":17}},"loc":{"start":{"line":121,"column":28},"end":{"line":123,"column":9}},"line":121},"8":{"name":"(anonymous_8)","decl":{"start":{"line":134,"column":4},"end":{"line":134,"column":5}},"loc":{"start":{"line":134,"column":24},"end":{"line":145,"column":5}},"line":134},"9":{"name":"(anonymous_9)","decl":{"start":{"line":139,"column":16},"end":{"line":139,"column":17}},"loc":{"start":{"line":139,"column":28},"end":{"line":143,"column":9}},"line":139},"10":{"name":"(anonymous_10)","decl":{"start":{"line":155,"column":4},"end":{"line":155,"column":5}},"loc":{"start":{"line":155,"column":41},"end":{"line":172,"column":5}},"line":155},"11":{"name":"(anonymous_11)","decl":{"start":{"line":160,"column":16},"end":{"line":160,"column":17}},"loc":{"start":{"line":160,"column":28},"end":{"line":171,"column":9}},"line":160},"12":{"name":"(anonymous_12)","decl":{"start":{"line":165,"column":28},"end":{"line":165,"column":29}},"loc":{"start":{"line":165,"column":36},"end":{"line":168,"column":13}},"line":165},"13":{"name":"(anonymous_13)","decl":{"start":{"line":183,"column":4},"end":{"line":183,"column":5}},"loc":{"start":{"line":183,"column":33},"end":{"line":205,"column":5}},"line":183},"14":{"name":"(anonymous_14)","decl":{"start":{"line":189,"column":16},"end":{"line":189,"column":17}},"loc":{"start":{"line":189,"column":28},"end":{"line":204,"column":9}},"line":189},"15":{"name":"(anonymous_15)","decl":{"start":{"line":196,"column":46},"end":{"line":196,"column":47}},"loc":{"start":{"line":196,"column":57},"end":{"line":196,"column":99}},"line":196},"16":{"name":"(anonymous_16)","decl":{"start":{"line":213,"column":4},"end":{"line":213,"column":5}},"loc":{"start":{"line":213,"column":36},"end":{"line":251,"column":5}},"line":213},"17":{"name":"(anonymous_17)","decl":{"start":{"line":219,"column":16},"end":{"line":219,"column":17}},"loc":{"start":{"line":219,"column":28},"end":{"line":250,"column":9}},"line":219},"18":{"name":"(anonymous_18)","decl":{"start":{"line":226,"column":45},"end":{"line":226,"column":46}},"loc":{"start":{"line":226,"column":50},"end":{"line":226,"column":86}},"line":226},"19":{"name":"(anonymous_19)","decl":{"start":{"line":241,"column":28},"end":{"line":241,"column":29}},"loc":{"start":{"line":241,"column":39},"end":{"line":249,"column":13}},"line":241},"20":{"name":"(anonymous_20)","decl":{"start":{"line":260,"column":4},"end":{"line":260,"column":5}},"loc":{"start":{"line":260,"column":25},"end":{"line":287,"column":5}},"line":260},"21":{"name":"(anonymous_21)","decl":{"start":{"line":265,"column":16},"end":{"line":265,"column":17}},"loc":{"start":{"line":265,"column":28},"end":{"line":286,"column":9}},"line":265},"22":{"name":"(anonymous_22)","decl":{"start":{"line":276,"column":28},"end":{"line":276,"column":29}},"loc":{"start":{"line":276,"column":39},"end":{"line":284,"column":13}},"line":276},"23":{"name":"(anonymous_23)","decl":{"start":{"line":296,"column":4},"end":{"line":296,"column":5}},"loc":{"start":{"line":296,"column":24},"end":{"line":313,"column":5}},"line":296},"24":{"name":"(anonymous_24)","decl":{"start":{"line":301,"column":16},"end":{"line":301,"column":17}},"loc":{"start":{"line":301,"column":28},"end":{"line":312,"column":9}},"line":301}},"branchMap":{"0":{"loc":{"start":{"line":37,"column":12},"end":{"line":37,"column":95}},"type":"if","locations":[{"start":{"line":37,"column":12},"end":{"line":37,"column":95}},{"start":{"line":37,"column":12},"end":{"line":37,"column":95}}],"line":37},"1":{"loc":{"start":{"line":60,"column":12},"end":{"line":60,"column":86}},"type":"if","locations":[{"start":{"line":60,"column":12},"end":{"line":60,"column":86}},{"start":{"line":60,"column":12},"end":{"line":60,"column":86}}],"line":60},"2":{"loc":{"start":{"line":64,"column":12},"end":{"line":64,"column":75}},"type":"if","locations":[{"start":{"line":64,"column":12},"end":{"line":64,"column":75}},{"start":{"line":64,"column":12},"end":{"line":64,"column":75}}],"line":64},"3":{"loc":{"start":{"line":86,"column":12},"end":{"line":86,"column":80}},"type":"if","locations":[{"start":{"line":86,"column":12},"end":{"line":86,"column":80}},{"start":{"line":86,"column":12},"end":{"line":86,"column":80}}],"line":86},"4":{"loc":{"start":{"line":141,"column":12},"end":{"line":141,"column":88}},"type":"if","locations":[{"start":{"line":141,"column":12},"end":{"line":141,"column":88}},{"start":{"line":141,"column":12},"end":{"line":141,"column":88}}],"line":141},"5":{"loc":{"start":{"line":163,"column":12},"end":{"line":163,"column":98}},"type":"if","locations":[{"start":{"line":163,"column":12},"end":{"line":163,"column":98}},{"start":{"line":163,"column":12},"end":{"line":163,"column":98}}],"line":163},"6":{"loc":{"start":{"line":191,"column":12},"end":{"line":191,"column":84}},"type":"if","locations":[{"start":{"line":191,"column":12},"end":{"line":191,"column":84}},{"start":{"line":191,"column":12},"end":{"line":191,"column":84}}],"line":191},"7":{"loc":{"start":{"line":194,"column":12},"end":{"line":194,"column":93}},"type":"if","locations":[{"start":{"line":194,"column":12},"end":{"line":194,"column":93}},{"start":{"line":194,"column":12},"end":{"line":194,"column":93}}],"line":194},"8":{"loc":{"start":{"line":198,"column":12},"end":{"line":199,"column":44}},"type":"if","locations":[{"start":{"line":198,"column":12},"end":{"line":199,"column":44}},{"start":{"line":198,"column":12},"end":{"line":199,"column":44}}],"line":198},"9":{"loc":{"start":{"line":222,"column":12},"end":{"line":222,"column":84}},"type":"if","locations":[{"start":{"line":222,"column":12},"end":{"line":222,"column":84}},{"start":{"line":222,"column":12},"end":{"line":222,"column":84}}],"line":222},"10":{"loc":{"start":{"line":224,"column":12},"end":{"line":229,"column":13}},"type":"if","locations":[{"start":{"line":224,"column":12},"end":{"line":229,"column":13}},{"start":{"line":224,"column":12},"end":{"line":229,"column":13}}],"line":224},"11":{"loc":{"start":{"line":272,"column":12},"end":{"line":272,"column":84}},"type":"if","locations":[{"start":{"line":272,"column":12},"end":{"line":272,"column":84}},{"start":{"line":272,"column":12},"end":{"line":272,"column":84}}],"line":272},"12":{"loc":{"start":{"line":303,"column":12},"end":{"line":303,"column":84}},"type":"if","locations":[{"start":{"line":303,"column":12},"end":{"line":303,"column":84}},{"start":{"line":303,"column":12},"end":{"line":303,"column":84}}],"line":303}},"s":{"0":1,"1":1,"2":1,"3":1,"4":1,"5":1,"6":23,"7":3,"8":2,"9":2,"10":2,"11":2,"12":1,"13":1,"14":1,"15":1,"16":1,"17":1,"18":0,"19":1,"20":1,"21":0,"22":1,"23":1,"24":1,"25":1,"26":1,"27":0,"28":1,"29":1,"30":1,"31":1,"32":1,"33":1,"34":1,"35":1,"36":0,"37":1,"38":1,"39":1,"40":1,"41":1,"42":0,"43":1,"44":1,"45":1,"46":1,"47":10,"48":10,"49":10,"50":10,"51":0,"52":10,"53":10,"54":0,"55":10,"56":4,"57":10,"58":9,"59":1,"60":10,"61":10,"62":1,"63":1,"64":1,"65":1,"66":0,"67":1,"68":1,"69":1,"70":1,"71":1,"72":1,"73":1,"74":1,"75":1,"76":0,"77":0,"78":0,"79":0,"80":0,"81":0,"82":0,"83":1,"84":1,"85":1,"86":1,"87":0,"88":1,"89":1,"90":2,"91":2,"92":2,"93":2,"94":2,"95":2,"96":2,"97":1,"98":1,"99":1,"100":1,"101":0,"102":1,"103":1,"104":1,"105":1,"106":1},"f":{"0":23,"1":2,"2":1,"3":1,"4":1,"5":1,"6":1,"7":1,"8":1,"9":1,"10":1,"11":1,"12":1,"13":10,"14":10,"15":4,"16":1,"17":1,"18":1,"19":0,"20":1,"21":1,"22":2,"23":1,"24":1},"b":{"0":[1,1],"1":[0,1],"2":[0,1],"3":[0,1],"4":[0,1],"5":[0,1],"6":[0,10],"7":[0,10],"8":[9,1],"9":[0,1],"10":[1,0],"11":[0,1],"12":[0,1]},"_coverageSchema":"43e27e138ebf9cfc5966b082cf9a028302ed4184","hash":"0669644d8fc255e4f74f1f9577eca978fad86da8"}
}
