TN:
SF:/Users/Llure/Documents/skylab/bootcamp/collab/skylab-bootcamp-201904/staff/llorenç-comellas/kaori/kaori-api/logic/index.js
FN:23,(anonymous_0)
FN:35,(anonymous_1)
FN:52,(anonymous_2)
FN:58,(anonymous_3)
FN:79,(anonymous_4)
FN:84,(anonymous_5)
FN:112,(anonymous_6)
FN:121,(anonymous_7)
FN:134,(anonymous_8)
FN:139,(anonymous_9)
FN:155,(anonymous_10)
FN:160,(anonymous_11)
FN:165,(anonymous_12)
FN:183,(anonymous_13)
FN:189,(anonymous_14)
FN:196,(anonymous_15)
FN:213,(anonymous_16)
FN:219,(anonymous_17)
FN:226,(anonymous_18)
FN:241,(anonymous_19)
FN:260,(anonymous_20)
FN:265,(anonymous_21)
FN:276,(anonymous_22)
FN:296,(anonymous_23)
FN:301,(anonymous_24)
FNF:25
FNH:24
FNDA:23,(anonymous_0)
FNDA:2,(anonymous_1)
FNDA:1,(anonymous_2)
FNDA:1,(anonymous_3)
FNDA:1,(anonymous_4)
FNDA:1,(anonymous_5)
FNDA:1,(anonymous_6)
FNDA:1,(anonymous_7)
FNDA:1,(anonymous_8)
FNDA:1,(anonymous_9)
FNDA:1,(anonymous_10)
FNDA:1,(anonymous_11)
FNDA:1,(anonymous_12)
FNDA:10,(anonymous_13)
FNDA:10,(anonymous_14)
FNDA:4,(anonymous_15)
FNDA:1,(anonymous_16)
FNDA:1,(anonymous_17)
FNDA:1,(anonymous_18)
FNDA:0,(anonymous_19)
FNDA:1,(anonymous_20)
FNDA:1,(anonymous_21)
FNDA:2,(anonymous_22)
FNDA:1,(anonymous_23)
FNDA:1,(anonymous_24)
DA:1,1
DA:2,1
DA:3,1
DA:4,1
DA:6,1
DA:8,1
DA:24,23
DA:32,3
DA:34,2
DA:35,2
DA:36,2
DA:37,2
DA:39,1
DA:53,1
DA:58,1
DA:59,1
DA:60,1
DA:62,1
DA:64,1
DA:66,1
DA:80,1
DA:84,1
DA:85,1
DA:86,1
DA:88,1
DA:113,1
DA:121,1
DA:122,1
DA:135,1
DA:139,1
DA:140,1
DA:141,1
DA:142,1
DA:156,1
DA:160,1
DA:161,1
DA:163,1
DA:165,1
DA:166,1
DA:167,1
DA:170,1
DA:184,10
DA:189,10
DA:190,10
DA:191,10
DA:193,10
DA:194,10
DA:196,10
DA:198,10
DA:199,1
DA:201,10
DA:203,10
DA:214,1
DA:219,1
DA:220,1
DA:222,1
DA:224,1
DA:225,1
DA:226,1
DA:228,1
DA:231,1
DA:234,1
DA:239,1
DA:241,1
DA:242,0
DA:243,0
DA:244,0
DA:245,0
DA:246,0
DA:247,0
DA:248,0
DA:261,1
DA:265,1
DA:266,1
DA:272,1
DA:274,1
DA:276,1
DA:277,2
DA:278,2
DA:279,2
DA:280,2
DA:281,2
DA:282,2
DA:283,2
DA:297,1
DA:301,1
DA:302,1
DA:303,1
DA:305,1
DA:307,1
DA:309,1
DA:311,1
DA:317,1
LF:93
LH:86
BRDA:37,0,0,1
BRDA:37,0,1,1
BRDA:60,1,0,0
BRDA:60,1,1,1
BRDA:64,2,0,0
BRDA:64,2,1,1
BRDA:86,3,0,0
BRDA:86,3,1,1
BRDA:141,4,0,0
BRDA:141,4,1,1
BRDA:163,5,0,0
BRDA:163,5,1,1
BRDA:191,6,0,0
BRDA:191,6,1,10
BRDA:194,7,0,0
BRDA:194,7,1,10
BRDA:198,8,0,9
BRDA:198,8,1,1
BRDA:222,9,0,0
BRDA:222,9,1,1
BRDA:224,10,0,1
BRDA:224,10,1,0
BRDA:272,11,0,0
BRDA:272,11,1,1
BRDA:303,12,0,0
BRDA:303,12,1,1
BRF:26
BRH:15
end_of_record
